1- Completion of Development Tasks:
      I have successfully finished the entire development task assigned for today.
      I was able to parse all the required fields, which include:
-Address
-Agent Phone Numbers
-City
-Country
-Description
-Email
-First Name
-Image URL
-Languages
-Last Name
-Middle Name
-Office Name
-Profile URL
-Social Media Links
-State
-Title
-Website
-Zip Code

All data was parsed without any difficulties.

2- New Development Task Assigned:
     A new development task has been assigned.
     The feasibility study for this task has been successfully completed.
     The remainder of the development work is currently in progress.