- Completion of Code Development:

- Successfully completed the code development phase.

- Extracted the following fields:

first_name
middle_name
last_name
office_name
title
description
languages
image_url
address
city
state
country
zipcode
office_phone_numbers
agent_phone_numbers
email
website
social
profile_url
New Task Assigned:

- Task: Evaluate the feasibility of a new project and proceed with code development.
- Progress on the New Task:

- Feasibility Analysis: Completed the feasibility study, ensuring that the project requirements can be met.
- Crawling: Currently in progress, with the data extraction phase underway.