I have once again reviewed several fundamental Linux commands and related topics, including:

    Introduction to Linux:
        Overview of Linux OS
        Basic command-line operations

    Package Installers:
        apt-get for managing Debian-based packages
        pip for managing Python packages

    Terminal Text Editors:
        nano for simple text editing
        vim for advanced text editing

    Integrated Development Environments (IDEs):
        Sublime Text for efficient coding and text editing

    Python Libraries and Modules:
        Date and time handling: datetime, urllib, time
        XML parsing: xml, lxml
        Base64 encoding/decoding: base64 module documentation
        Operating system interactions: os
        Random number generation: random
        FTP protocol handling: ftplib
        Dropbox API interactions: dropbox
        AWS SDK for Python: boto3
        Web scraping: cloudscraper
        JavaScript to Python conversion: js2pys